<?xml version="1.0" encoding="UTF-8"?>
<testng-results ignored="0" total="1" passed="1" failed="0" skipped="0">
  <reporter-output>
  </reporter-output>
  <suite started-at="2023-01-24T21:17:55 PST" name="testcase.TestPrime" finished-at="2023-01-24T21:17:55 PST" duration-ms="36">
    <groups>
    </groups>
    <test started-at="2023-01-24T21:17:55 PST" name="Command line test" finished-at="2023-01-24T21:17:55 PST" duration-ms="36">
      <class name="testcase.TestPrime">
        <test-method signature="testInputIsEven()[pri:0, instance:testcase.TestPrime@5c6648b0]" started-at="2023-01-24T21:17:55 PST" name="testInputIsEven" finished-at="2023-01-24T21:17:55 PST" duration-ms="6" status="PASS">
          <reporter-output>
          </reporter-output>
        </test-method> <!-- testInputIsEven -->
      </class> <!-- testcase.TestPrime -->
    </test> <!-- Command line test -->
  </suite> <!-- testcase.TestPrime -->
</testng-results>
